<?xml version="1.0" encoding="UTF-8"?>
<robot generator="Robot 4.0.3 (Python 3.9.6 on win32)" generated="20210710 01:11:45.269" rpa="false" schemaversion="2">
<suite id="s1" name="Testcase" source="C:\Users\siris\AppData\Local\Programs\Python\Python39\Tools\demo\RF_workspace\testcase.robot">
<test id="s1-t1" name="Another Test">
<kw name="Should Be Equal" library="BuiltIn">
<arg>${MESSAGE}</arg>
<arg>Hello, i am robo!</arg>
<doc>Fails if the given objects are unequal.</doc>
<status status="PASS" starttime="20210710 01:11:45.537" endtime="20210710 01:11:45.538"/>
</kw>
<status status="PASS" starttime="20210710 01:11:45.536" endtime="20210710 01:11:45.538"/>
</test>
<doc>Example using the space separated plain text format.</doc>
<status status="PASS" starttime="20210710 01:11:45.273" endtime="20210710 01:11:45.540"/>
</suite>
<statistics>
<total>
<stat pass="1" fail="0" skip="0">All Tests</stat>
</total>
<tag>
</tag>
<suite>
<stat pass="1" fail="0" skip="0" id="s1" name="Testcase">Testcase</stat>
</suite>
</statistics>
<errors>
</errors>
</robot>
